<?xml version="1.0" encoding="UTF-8"?>
<!-- Generated by org.testng.reporters.JUnitReportReporter -->
<testsuite hostname="LAPTOP-JPAOG5NK" failures="0" tests="5" name="com.telus.registration.RegisterDemo.RegisterDemoTestNG" time="10.130" errors="0" timestamp="2022-11-06T00:46:37 IST" skipped="0">
  <testcase classname="com.telus.registration.RegisterDemo.RegisterDemoTestNG" name="LaunchApplication" time="4.945"/>
  <system-out/>
  <testcase classname="com.telus.registration.RegisterDemo.RegisterDemoTestNG" name="navigateToRegisterDemo" time="1.612"/>
  <system-out/>
  <testcase classname="com.telus.registration.RegisterDemo.RegisterDemoTestNG" name="registerDemo" time="3.369"/>
  <system-out/>
  <testcase classname="com.telus.registration.RegisterDemo.RegisterDemoTestNG" name="validateSuccessfullMsg" time="0.029"/>
  <system-out/>
  <testcase classname="com.telus.registration.RegisterDemo.RegisterDemoTestNG" name="closeApplication" time="0.175"/>
  <system-out/>
</testsuite> <!-- com.telus.registration.RegisterDemo.RegisterDemoTestNG -->
