<?xml version="1.0" encoding="UTF-8"?>
<!-- Generated by org.testng.reporters.JUnitReportReporter -->
<testsuite hostname="LAPTOP-JPAOG5NK" failures="0" tests="1" name="com.telus.crossbrowsertesting.MultiBrowser" time="0.009" errors="0" timestamp="2022-11-06T21:51:42 IST" skipped="0">
  <testcase classname="com.telus.crossbrowsertesting.MultiBrowser" name="sampleTest" time="0.009"/>
  <system-out/>
</testsuite> <!-- com.telus.crossbrowsertesting.MultiBrowser -->
